2024-04-24 15:28:44,233 [INFO] Activator:176 - 


2024-04-24 15:28:44,235 [INFO] Activator:177 - !SESSION log4j initialized
2024-04-24 15:28:46,579 [INFO] LogOutputStream:77 - [STDOUT_REDIRECT] 
2024-04-24 15:29:28,607 [INFO] Activator:176 - 


2024-04-24 15:29:28,609 [INFO] Activator:177 - !SESSION log4j initialized
2024-04-24 15:29:31,444 [INFO] LogOutputStream:77 - [STDOUT_REDIRECT] 
2024-04-24 15:29:51,682 [INFO] Activator:176 - 


2024-04-24 15:29:51,684 [INFO] Activator:177 - !SESSION log4j initialized
2024-04-24 15:29:54,514 [INFO] LogOutputStream:77 - [STDOUT_REDIRECT] 
2024-04-24 15:30:15,360 [ERROR] LogOutputStream:75 - [STDERR_REDIRECT] SLF4J: Failed to load class "org.slf4j.impl.StaticLoggerBinder".
2024-04-24 15:30:15,362 [ERROR] LogOutputStream:75 - [STDERR_REDIRECT] SLF4J: Defaulting to no-operation (NOP) logger implementation
2024-04-24 15:30:15,364 [ERROR] LogOutputStream:75 - [STDERR_REDIRECT] SLF4J: See http://www.slf4j.org/codes.html#StaticLoggerBinder for further details.
2024-04-24 15:30:38,859 [INFO] Activator:176 - 


2024-04-24 15:30:38,861 [INFO] Activator:177 - !SESSION log4j initialized
2024-04-24 15:30:41,553 [INFO] LogOutputStream:77 - [STDOUT_REDIRECT] 
2024-04-24 15:31:29,520 [INFO] Activator:176 - 


2024-04-24 15:31:29,522 [INFO] Activator:177 - !SESSION log4j initialized
2024-04-24 15:31:32,308 [INFO] LogOutputStream:77 - [STDOUT_REDIRECT] 
2024-04-24 15:31:53,470 [ERROR] LogOutputStream:75 - [STDERR_REDIRECT] SLF4J: Failed to load class "org.slf4j.impl.StaticLoggerBinder".
2024-04-24 15:31:53,471 [ERROR] LogOutputStream:75 - [STDERR_REDIRECT] SLF4J: Defaulting to no-operation (NOP) logger implementation
2024-04-24 15:31:53,471 [ERROR] LogOutputStream:75 - [STDERR_REDIRECT] SLF4J: See http://www.slf4j.org/codes.html#StaticLoggerBinder for further details.
